<?xml version="1.0" encoding="UTF-8"?>
<testsuite name="com.ict.admin.dto.HelloResponseDtoTest" tests="1" skipped="0" failures="0" errors="0" timestamp="2022-08-15T12:09:35" hostname="DESKTOP-HP2CF1K" time="0.003">
  <properties/>
  <testcase name="롬북_기능_테스트" classname="com.ict.admin.dto.HelloResponseDtoTest" time="0.003"/>
  <system-out><![CDATA[]]></system-out>
  <system-err><![CDATA[]]></system-err>
</testsuite>
